[debug] > Exec(early(addDefaultCommands), None, None)
[debug] > Exec(addDefaultCommands, None, None)
[debug] > Exec(early(initialize), None, None)
[debug] > Exec(initialize, None, None)
[debug] > Exec(early(addPluginSbtFile="""C:\Users\PRAJNA~1\AppData\Local\Temp\idea1.sbt"""), None, None)
[debug] > Exec(addPluginSbtFile="""C:\Users\PRAJNA~1\AppData\Local\Temp\idea1.sbt""", None, None)
[debug] > Exec(boot, None, None)
[debug] > Exec(writeSbtVersion, None, None)
[debug] > Exec(reload, None, None)
[debug] > Exec(sbtStashOnFailure, None, None)
[debug] > Exec(onFailure loadFailed, None, None)
[debug] > Exec(loadp, None, None)
[info] welcome to sbt 1.6.2 (Oracle Corporation Java 1.8.0_202)
[debug]       Load.loadUnit: plugins took 120.7064ms
[debug]       Load.loadUnit: defsScala took 0.5666ms
[debug] [Loading] Scanning directory C:\Users\Prajna Shetty\.sbt\1.0\plugins
[debug] [Loading] Found non-root projects 
[debug] [Loading] Done in C:\Users\Prajna Shetty\.sbt\1.0\plugins, returning: ()
[debug] deducing auto plugins based on known facts Set(Atom(sbt.plugins.CorePlugin)) and clauses Clauses(Clause(Atom(sbt.plugins.JvmPlugin),Set(Atom(sbt.plugins.IvyPlugin)))
[debug] Clause(Atom(sbt.ScriptedPlugin),Set(Atom(sbt.plugins.JvmPlugin)))
[debug] Clause(Atom(sbt.plugins.SbtPlugin),Set(Atom(sbt.ScriptedPlugin)))
[debug] Clause(Atom(sbt.plugins.SemanticdbPlugin),Set(Atom(sbt.plugins.JvmPlugin)))
[debug] Clause(Atom(sbt.plugins.JUnitXmlReportPlugin),Set(Atom(sbt.plugins.JvmPlugin)))
[debug] Clause(Atom(sbt.plugins.MiniDependencyTreePlugin),Set(Atom(sbt.plugins.JvmPlugin)))
[debug] Clause(Atom(sbt.plugins.CorePlugin),Set(Atom(sbt.plugins.IvyPlugin)))
[debug] Clause(Atom(sbt.plugins.IvyPlugin),Set(Atom(sbt.plugins.JvmPlugin)))
[debug] Clause(Atom(sbt.plugins.JvmPlugin),Set(Atom(sbt.plugins.SemanticdbPlugin)))
[debug] Clause(Atom(sbt.plugins.JvmPlugin),Set(Atom(sbt.plugins.JUnitXmlReportPlugin)))
[debug] Clause(Atom(sbt.plugins.CorePlugin),Set(Atom(sbt.plugins.Giter8TemplatePlugin)))
[debug] Clause(Atom(sbt.plugins.JvmPlugin),Set(Atom(sbt.plugins.MiniDependencyTreePlugin))))
[debug]   :: deduced result: Matched(sbt.plugins.CorePlugin,sbt.plugins.Giter8TemplatePlugin,sbt.plugins.IvyPlugin,sbt.plugins.JvmPlugin,sbt.plugins.MiniDependencyTreePlugin,sbt.plugins.JUnitXmlReportPlugin,sbt.plugins.SemanticdbPlugin)
[debug] Plugins.deducer#function took 22.9984 ms
[debug]           Load.resolveProject(global-plugins) took 78.7031ms
[debug]         Load.loadTransitive: finalizeProject(Project(id global-plugins, base: C:\Users\Prajna Shetty\.sbt\1.0\plugins, plugins: List(<none>))) took 135.8464ms
[debug] [Loading] Done in C:\Users\Prajna Shetty\.sbt\1.0\plugins, returning: (global-plugins)
[debug]       Load.loadUnit: loadedProjectsRaw took 169.2303ms
[debug]       Load.loadUnit: cleanEvalClasses took 0.3986ms
[debug]     Load.loadUnit(file:/C:/Users/Prajna%20Shetty/.sbt/1.0/plugins/, ...) took 305.805ms
[debug]   Load.apply: load took 681.4779ms
[debug]   Load.apply: resolveProjects took 8.2587ms
[debug]   Load.apply: finalTransforms took 85.3947ms
[debug]   Load.apply: config.delegates took 10.2699ms
[debug]   Load.apply: Def.make(settings)... took 709.545ms
[debug]   Load.apply: structureIndex took 147.6124ms
[debug]   Load.apply: mkStreams took 3.5038ms
[info] loading global plugins from C:\Users\Prajna Shetty\.sbt\1.0\plugins
[debug] Running task... Cancel: Signal, check cycles: false, forcegc: true
[debug] Load.defaultLoad until apply took 7617.2662ms
[debug]           Load.loadUnit: plugins took 31.3301ms
[debug]           Load.loadUnit: defsScala took 0.0038ms
[debug] [Loading] Scanning directory F:\Projects\Spring Boot\Projects\project
[debug]             Load.loadUnit: mkEval took 17.9648ms
[debug] [Loading] Found non-root projects 
[debug] [Loading] Done in F:\Projects\Spring Boot\Projects\project, returning: ()
[debug] deducing auto plugins based on known facts Set(Atom(sbt.plugins.CorePlugin)) and clauses Clauses(Clause(Atom(sbt.plugins.JvmPlugin),Set(Atom(sbt.plugins.IvyPlugin)))
[debug] Clause(Atom(sbt.ScriptedPlugin),Set(Atom(sbt.plugins.JvmPlugin)))
[debug] Clause(Atom(sbt.plugins.SbtPlugin),Set(Atom(sbt.ScriptedPlugin)))
[debug] Clause(Atom(sbt.plugins.SemanticdbPlugin),Set(Atom(sbt.plugins.JvmPlugin)))
[debug] Clause(Atom(sbt.plugins.JUnitXmlReportPlugin),Set(Atom(sbt.plugins.JvmPlugin)))
[debug] Clause(Atom(sbt.plugins.MiniDependencyTreePlugin),Set(Atom(sbt.plugins.JvmPlugin)))
[debug] Clause(Atom(sbt.plugins.CorePlugin),Set(Atom(sbt.plugins.IvyPlugin)))
[debug] Clause(Atom(sbt.plugins.IvyPlugin),Set(Atom(sbt.plugins.JvmPlugin)))
[debug] Clause(Atom(sbt.plugins.JvmPlugin),Set(Atom(sbt.plugins.SemanticdbPlugin)))
[debug] Clause(Atom(sbt.plugins.JvmPlugin),Set(Atom(sbt.plugins.JUnitXmlReportPlugin)))
[debug] Clause(Atom(sbt.plugins.CorePlugin),Set(Atom(sbt.plugins.Giter8TemplatePlugin)))
[debug] Clause(Atom(sbt.plugins.JvmPlugin),Set(Atom(sbt.plugins.MiniDependencyTreePlugin))))
[debug]   :: deduced result: Matched(sbt.plugins.CorePlugin,sbt.plugins.Giter8TemplatePlugin,sbt.plugins.IvyPlugin,sbt.plugins.JvmPlugin,sbt.plugins.MiniDependencyTreePlugin,sbt.plugins.JUnitXmlReportPlugin,sbt.plugins.SemanticdbPlugin)
[debug] Plugins.deducer#function took 2.0967 ms
[info] loading settings for project projects-build from idea1.sbt ...
[debug]               Load.resolveProject(projects-build) took 3.4032ms
[debug]             Load.loadTransitive: finalizeProject(Project(id projects-build, base: F:\Projects\Spring Boot\Projects\project, plugins: List(<none>))) took 6.0625ms
[debug] [Loading] Done in F:\Projects\Spring Boot\Projects\project, returning: (projects-build)
[debug]           Load.loadUnit: loadedProjectsRaw took 261.148ms
[debug]           Load.loadUnit: cleanEvalClasses took 21.3456ms
[debug]         Load.loadUnit(file:/F:/Projects/Spring%20Boot/Projects/project/, ...) took 315.1493ms
[debug]       Load.apply: load took 317.1061ms
[debug]       Load.apply: resolveProjects took 0.118ms
[debug]       Load.apply: finalTransforms took 15.3923ms
[debug]       Load.apply: config.delegates took 0.6456ms
[debug]       Load.apply: Def.make(settings)... took 119.8351ms
[debug]       Load.apply: structureIndex took 46.826ms
[debug]       Load.apply: mkStreams took 0.0024ms
[info] loading project definition from F:\Projects\Spring Boot\Projects\project
[debug] Running task... Cancel: Signal, check cycles: false, forcegc: true
[debug]     Load.loadUnit: plugins took 1671.0666ms
[debug]     Load.loadUnit: defsScala took 0.0034ms
[debug] [Loading] Scanning directory F:\Projects\Spring Boot\Projects
[debug]       Load.loadUnit: mkEval took 0.2288ms
[debug] [Loading] Found non-root projects 
[debug] [Loading] Done in F:\Projects\Spring Boot\Projects, returning: ()
[debug] deducing auto plugins based on known facts Set(Atom(sbt.plugins.CorePlugin)) and clauses Clauses(Clause(Atom(sbt.plugins.JvmPlugin),Set(Atom(sbt.plugins.IvyPlugin)))
[debug] Clause(Atom(sbt.ScriptedPlugin),Set(Atom(sbt.plugins.JvmPlugin)))
[debug] Clause(Atom(sbt.plugins.SbtPlugin),Set(Atom(sbt.ScriptedPlugin)))
[debug] Clause(Atom(sbt.plugins.SemanticdbPlugin),Set(Atom(sbt.plugins.JvmPlugin)))
[debug] Clause(Atom(sbt.plugins.JUnitXmlReportPlugin),Set(Atom(sbt.plugins.JvmPlugin)))
[debug] Clause(Atom(sbt.plugins.MiniDependencyTreePlugin),Set(Atom(sbt.plugins.JvmPlugin)))
[debug] Clause(Atom(org.jetbrains.sbt.StructurePlugin),Set(Atom(sbt.plugins.JvmPlugin)))
[debug] Clause(Atom(org.jetbrains.sbt.IdeaShellPlugin),Set(Atom(sbt.plugins.JvmPlugin)))
[debug] Clause(Atom(org.jetbrains.sbt.indices.SbtIntellijIndicesPlugin),Set(Atom(sbt.plugins.JvmPlugin)))
[debug] Clause(Atom(sbt.plugins.CorePlugin),Set(Atom(sbt.plugins.IvyPlugin)))
[debug] Clause(Atom(sbt.plugins.IvyPlugin),Set(Atom(sbt.plugins.JvmPlugin)))
[debug] Clause(Atom(sbt.plugins.JvmPlugin),Set(Atom(sbt.plugins.SemanticdbPlugin)))
[debug] Clause(Atom(sbt.plugins.JvmPlugin),Set(Atom(sbt.plugins.JUnitXmlReportPlugin)))
[debug] Clause(Atom(sbt.plugins.CorePlugin),Set(Atom(sbt.plugins.Giter8TemplatePlugin)))
[debug] Clause(Atom(sbt.plugins.JvmPlugin),Set(Atom(sbt.plugins.MiniDependencyTreePlugin)))
[debug] Clause(Atom(sbt.plugins.JvmPlugin),Set(Atom(org.jetbrains.sbt.StructurePlugin)))
[debug] Clause(Atom(sbt.plugins.JvmPlugin),Set(Atom(org.jetbrains.sbt.IdeaShellPlugin)))
[debug] Clause(And(Set(Atom(sbt.plugins.CorePlugin), Atom(sbt.plugins.JvmPlugin))),Set(Atom(org.jetbrains.sbt.indices.SbtIntellijIndicesPlugin))))
[debug]   :: deduced result: Matched(sbt.plugins.CorePlugin,sbt.plugins.Giter8TemplatePlugin,sbt.plugins.IvyPlugin,sbt.plugins.JvmPlugin,sbt.plugins.SemanticdbPlugin,org.jetbrains.sbt.indices.SbtIntellijIndicesPlugin,sbt.plugins.JUnitXmlReportPlugin,org.jetbrains.sbt.IdeaShellPlugin,org.jetbrains.sbt.StructurePlugin,sbt.plugins.MiniDependencyTreePlugin)
[debug] Plugins.deducer#function took 5.1795 ms
[info] loading settings for project projects from build.sbt ...
[debug]         Load.resolveProject(projects) took 52.1607ms
[debug]       Load.loadTransitive: finalizeProject(Project(id projects, base: F:\Projects\Spring Boot\Projects, plugins: List(<none>))) took 59.7017ms
[debug] [Loading] Done in F:\Projects\Spring Boot\Projects, returning: (projects)
[debug]     Load.loadUnit: loadedProjectsRaw took 251.8396ms
[debug]     Load.loadUnit: cleanEvalClasses took 2.0889ms
[debug]   Load.loadUnit(file:/F:/Projects/Spring%20Boot/Projects/, ...) took 1925.6687ms
[debug] Load.apply: load took 1927.1799ms
[debug] Load.apply: resolveProjects took 0.0988ms
[debug] Load.apply: finalTransforms took 28.1077ms
[debug] Load.apply: config.delegates took 0.3321ms
[debug] Load.apply: Def.make(settings)... took 266.0617ms
[debug] Load.apply: structureIndex took 29.791ms
[debug] Load.apply: mkStreams took 0.0028ms
[info] set current project to Projects (in build file:/F:/Projects/Spring%20Boot/Projects/)
[debug] > Exec(sbtPopOnFailure, None, None)
[debug] > Exec(resumeFromFailure, None, None)
[debug] > Exec(notifyUsersAboutShell, None, None)
[debug] > Exec(iflast shell, None, None)
[debug] > Exec(; set ideaPort in Global := 56714 ; idea-shell, None, None)
[debug] > Exec(set ideaPort in Global := 56714, None, None)
[info] Defining Global / ideaPort
[info] The new value will be used by Compile / compile, Test / compile
[debug] Defining 
[debug] 	Global / ideaPort
[debug] 
[debug] The new value will be used by 
[debug] 	Compile / compile
[debug] 	Test / compile
[info] Reapplying settings...
[info] set current project to Projects (in build file:/F:/Projects/Spring%20Boot/Projects/)
[debug] > Exec(idea-shell, None, None)
