[debug] > Exec(early(addDefaultCommands), None, None)
[debug] > Exec(addDefaultCommands, None, None)
[debug] > Exec(early(initialize), None, None)
[debug] > Exec(initialize, None, None)
[debug] > Exec(early(addPluginSbtFile="""C:\Users\PRAJNA~1\AppData\Local\Temp\idea3.sbt"""), None, None)
[debug] > Exec(addPluginSbtFile="""C:\Users\PRAJNA~1\AppData\Local\Temp\idea3.sbt""", None, None)
[debug] > Exec(boot, None, None)
[debug] > Exec(writeSbtVersion, None, None)
[debug] > Exec(reload, None, None)
[debug] > Exec(sbtStashOnFailure, None, None)
[debug] > Exec(onFailure loadFailed, None, None)
[debug] > Exec(loadp, None, None)
[info] welcome to sbt 1.6.2 (Oracle Corporation Java 1.8.0_202)
[debug]       Load.loadUnit: plugins took 119.5016ms
[debug]       Load.loadUnit: defsScala took 0.3272ms
[debug] [Loading] Scanning directory C:\Users\Prajna Shetty\.sbt\1.0\plugins
[debug] [Loading] Found non-root projects 
[debug] [Loading] Done in C:\Users\Prajna Shetty\.sbt\1.0\plugins, returning: ()
[debug] deducing auto plugins based on known facts Set(Atom(sbt.plugins.CorePlugin)) and clauses Clauses(Clause(Atom(sbt.plugins.JvmPlugin),Set(Atom(sbt.plugins.IvyPlugin)))
[debug] Clause(Atom(sbt.ScriptedPlugin),Set(Atom(sbt.plugins.JvmPlugin)))
[debug] Clause(Atom(sbt.plugins.SbtPlugin),Set(Atom(sbt.ScriptedPlugin)))
[debug] Clause(Atom(sbt.plugins.SemanticdbPlugin),Set(Atom(sbt.plugins.JvmPlugin)))
[debug] Clause(Atom(sbt.plugins.JUnitXmlReportPlugin),Set(Atom(sbt.plugins.JvmPlugin)))
[debug] Clause(Atom(sbt.plugins.MiniDependencyTreePlugin),Set(Atom(sbt.plugins.JvmPlugin)))
[debug] Clause(Atom(sbt.plugins.CorePlugin),Set(Atom(sbt.plugins.IvyPlugin)))
[debug] Clause(Atom(sbt.plugins.IvyPlugin),Set(Atom(sbt.plugins.JvmPlugin)))
[debug] Clause(Atom(sbt.plugins.JvmPlugin),Set(Atom(sbt.plugins.SemanticdbPlugin)))
[debug] Clause(Atom(sbt.plugins.JvmPlugin),Set(Atom(sbt.plugins.JUnitXmlReportPlugin)))
[debug] Clause(Atom(sbt.plugins.CorePlugin),Set(Atom(sbt.plugins.Giter8TemplatePlugin)))
[debug] Clause(Atom(sbt.plugins.JvmPlugin),Set(Atom(sbt.plugins.MiniDependencyTreePlugin))))
[debug]   :: deduced result: Matched(sbt.plugins.CorePlugin,sbt.plugins.Giter8TemplatePlugin,sbt.plugins.IvyPlugin,sbt.plugins.JvmPlugin,sbt.plugins.MiniDependencyTreePlugin,sbt.plugins.JUnitXmlReportPlugin,sbt.plugins.SemanticdbPlugin)
[debug] Plugins.deducer#function took 43.2788 ms
[debug]           Load.resolveProject(global-plugins) took 99.4672ms
[debug]         Load.loadTransitive: finalizeProject(Project(id global-plugins, base: C:\Users\Prajna Shetty\.sbt\1.0\plugins, plugins: List(<none>))) took 193.3269ms
[debug] [Loading] Done in C:\Users\Prajna Shetty\.sbt\1.0\plugins, returning: (global-plugins)
[debug]       Load.loadUnit: loadedProjectsRaw took 220.6322ms
[debug]       Load.loadUnit: cleanEvalClasses took 0.3494ms
[debug]     Load.loadUnit(file:/C:/Users/Prajna%20Shetty/.sbt/1.0/plugins/, ...) took 350.4402ms
[debug]   Load.apply: load took 580.4945ms
[debug]   Load.apply: resolveProjects took 11.1411ms
[debug]   Load.apply: finalTransforms took 165.5629ms
[debug]   Load.apply: config.delegates took 13.6458ms
[debug]   Load.apply: Def.make(settings)... took 789.7395ms
[debug]   Load.apply: structureIndex took 230.9795ms
[debug]   Load.apply: mkStreams took 2.8195ms
[info] loading global plugins from C:\Users\Prajna Shetty\.sbt\1.0\plugins
[debug] Running task... Cancel: Signal, check cycles: false, forcegc: true
[debug] Load.defaultLoad until apply took 5235.7579ms
[debug]           Load.loadUnit: plugins took 67.3182ms
[debug]           Load.loadUnit: defsScala took 0.1249ms
[debug] [Loading] Scanning directory F:\Projects\Spring Boot\Projects\project
[debug]             Load.loadUnit: mkEval took 9.8317ms
[debug] [Loading] Found non-root projects 
[debug] [Loading] Done in F:\Projects\Spring Boot\Projects\project, returning: ()
[debug] deducing auto plugins based on known facts Set(Atom(sbt.plugins.CorePlugin)) and clauses Clauses(Clause(Atom(sbt.plugins.JvmPlugin),Set(Atom(sbt.plugins.IvyPlugin)))
[debug] Clause(Atom(sbt.ScriptedPlugin),Set(Atom(sbt.plugins.JvmPlugin)))
[debug] Clause(Atom(sbt.plugins.SbtPlugin),Set(Atom(sbt.ScriptedPlugin)))
[debug] Clause(Atom(sbt.plugins.SemanticdbPlugin),Set(Atom(sbt.plugins.JvmPlugin)))
[debug] Clause(Atom(sbt.plugins.JUnitXmlReportPlugin),Set(Atom(sbt.plugins.JvmPlugin)))
[debug] Clause(Atom(sbt.plugins.MiniDependencyTreePlugin),Set(Atom(sbt.plugins.JvmPlugin)))
[debug] Clause(Atom(sbt.plugins.CorePlugin),Set(Atom(sbt.plugins.IvyPlugin)))
[debug] Clause(Atom(sbt.plugins.IvyPlugin),Set(Atom(sbt.plugins.JvmPlugin)))
[debug] Clause(Atom(sbt.plugins.JvmPlugin),Set(Atom(sbt.plugins.SemanticdbPlugin)))
[debug] Clause(Atom(sbt.plugins.JvmPlugin),Set(Atom(sbt.plugins.JUnitXmlReportPlugin)))
[debug] Clause(Atom(sbt.plugins.CorePlugin),Set(Atom(sbt.plugins.Giter8TemplatePlugin)))
[debug] Clause(Atom(sbt.plugins.JvmPlugin),Set(Atom(sbt.plugins.MiniDependencyTreePlugin))))
[debug]   :: deduced result: Matched(sbt.plugins.CorePlugin,sbt.plugins.Giter8TemplatePlugin,sbt.plugins.IvyPlugin,sbt.plugins.JvmPlugin,sbt.plugins.MiniDependencyTreePlugin,sbt.plugins.JUnitXmlReportPlugin,sbt.plugins.SemanticdbPlugin)
[debug] Plugins.deducer#function took 3.0234 ms
[info] loading settings for project projects-build from idea3.sbt ...
[debug]               Load.resolveProject(projects-build) took 6.8388ms
[debug]             Load.loadTransitive: finalizeProject(Project(id projects-build, base: F:\Projects\Spring Boot\Projects\project, plugins: List(<none>))) took 10.7475ms
[debug] [Loading] Done in F:\Projects\Spring Boot\Projects\project, returning: (projects-build)
[debug]           Load.loadUnit: loadedProjectsRaw took 256.6874ms
[debug]           Load.loadUnit: cleanEvalClasses took 4.5275ms
[debug]         Load.loadUnit(file:/F:/Projects/Spring%20Boot/Projects/project/, ...) took 332.715ms
[debug]       Load.apply: load took 334.4979ms
[debug]       Load.apply: resolveProjects took 0.1414ms
[debug]       Load.apply: finalTransforms took 12.2406ms
[debug]       Load.apply: config.delegates took 0.6931ms
[debug]       Load.apply: Def.make(settings)... took 127.8145ms
[debug]       Load.apply: structureIndex took 53.8039ms
[debug]       Load.apply: mkStreams took 0.0046ms
[info] loading project definition from F:\Projects\Spring Boot\Projects\project
[debug] Running task... Cancel: Signal, check cycles: false, forcegc: true
[debug]     Load.loadUnit: plugins took 1144.1043ms
[debug]     Load.loadUnit: defsScala took 0.0041ms
[debug] [Loading] Scanning directory F:\Projects\Spring Boot\Projects
[debug]       Load.loadUnit: mkEval took 0.2688ms
[debug] [Loading] Found non-root projects 
[debug] [Loading] Done in F:\Projects\Spring Boot\Projects, returning: ()
[debug] deducing auto plugins based on known facts Set(Atom(sbt.plugins.CorePlugin)) and clauses Clauses(Clause(Atom(sbt.plugins.JvmPlugin),Set(Atom(sbt.plugins.IvyPlugin)))
[debug] Clause(Atom(sbt.ScriptedPlugin),Set(Atom(sbt.plugins.JvmPlugin)))
[debug] Clause(Atom(sbt.plugins.SbtPlugin),Set(Atom(sbt.ScriptedPlugin)))
[debug] Clause(Atom(sbt.plugins.SemanticdbPlugin),Set(Atom(sbt.plugins.JvmPlugin)))
[debug] Clause(Atom(sbt.plugins.JUnitXmlReportPlugin),Set(Atom(sbt.plugins.JvmPlugin)))
[debug] Clause(Atom(sbt.plugins.MiniDependencyTreePlugin),Set(Atom(sbt.plugins.JvmPlugin)))
[debug] Clause(Atom(org.jetbrains.sbt.StructurePlugin),Set(Atom(sbt.plugins.JvmPlugin)))
[debug] Clause(Atom(org.jetbrains.sbt.IdeaShellPlugin),Set(Atom(sbt.plugins.JvmPlugin)))
[debug] Clause(Atom(org.jetbrains.sbt.indices.SbtIntellijIndicesPlugin),Set(Atom(sbt.plugins.JvmPlugin)))
[debug] Clause(Atom(sbt.plugins.CorePlugin),Set(Atom(sbt.plugins.IvyPlugin)))
[debug] Clause(Atom(sbt.plugins.IvyPlugin),Set(Atom(sbt.plugins.JvmPlugin)))
[debug] Clause(Atom(sbt.plugins.JvmPlugin),Set(Atom(sbt.plugins.SemanticdbPlugin)))
[debug] Clause(Atom(sbt.plugins.JvmPlugin),Set(Atom(sbt.plugins.JUnitXmlReportPlugin)))
[debug] Clause(Atom(sbt.plugins.CorePlugin),Set(Atom(sbt.plugins.Giter8TemplatePlugin)))
[debug] Clause(Atom(sbt.plugins.JvmPlugin),Set(Atom(sbt.plugins.MiniDependencyTreePlugin)))
[debug] Clause(Atom(sbt.plugins.JvmPlugin),Set(Atom(org.jetbrains.sbt.StructurePlugin)))
[debug] Clause(Atom(sbt.plugins.JvmPlugin),Set(Atom(org.jetbrains.sbt.IdeaShellPlugin)))
[debug] Clause(And(Set(Atom(sbt.plugins.CorePlugin), Atom(sbt.plugins.JvmPlugin))),Set(Atom(org.jetbrains.sbt.indices.SbtIntellijIndicesPlugin))))
[debug]   :: deduced result: Matched(sbt.plugins.CorePlugin,sbt.plugins.Giter8TemplatePlugin,sbt.plugins.IvyPlugin,sbt.plugins.JvmPlugin,sbt.plugins.SemanticdbPlugin,org.jetbrains.sbt.indices.SbtIntellijIndicesPlugin,sbt.plugins.JUnitXmlReportPlugin,org.jetbrains.sbt.IdeaShellPlugin,org.jetbrains.sbt.StructurePlugin,sbt.plugins.MiniDependencyTreePlugin)
[debug] Plugins.deducer#function took 4.9485 ms
[info] loading settings for project projects from build.sbt ...
[debug]         Load.resolveProject(projects) took 63.8039ms
[debug]       Load.loadTransitive: finalizeProject(Project(id projects, base: F:\Projects\Spring Boot\Projects, plugins: List(<none>))) took 70.5069ms
[debug] [Loading] Done in F:\Projects\Spring Boot\Projects, returning: (projects)
[debug]     Load.loadUnit: loadedProjectsRaw took 128.0743ms
[debug]     Load.loadUnit: cleanEvalClasses took 2.5269ms
[debug]   Load.loadUnit(file:/F:/Projects/Spring%20Boot/Projects/, ...) took 1275.5647ms
[debug] Load.apply: load took 1278.3441ms
[debug] Load.apply: resolveProjects took 0.2304ms
[debug] Load.apply: finalTransforms took 42.7892ms
[debug] Load.apply: config.delegates took 0.3728ms
[debug] Load.apply: Def.make(settings)... took 175.5557ms
[debug] Load.apply: structureIndex took 24.686ms
[debug] Load.apply: mkStreams took 0.0027ms
[info] set current project to Projects (in build file:/F:/Projects/Spring%20Boot/Projects/)
[debug] > Exec(sbtPopOnFailure, None, None)
[debug] > Exec(resumeFromFailure, None, None)
[debug] > Exec(notifyUsersAboutShell, None, None)
[debug] > Exec(iflast shell, None, None)
[debug] > Exec(; set ideaPort in Global := 64692 ; idea-shell, None, None)
[debug] > Exec(set ideaPort in Global := 64692, None, None)
[info] Defining Global / ideaPort
[info] The new value will be used by Compile / compile, Test / compile
[debug] Defining 
[debug] 	Global / ideaPort
[debug] 
[debug] The new value will be used by 
[debug] 	Compile / compile
[debug] 	Test / compile
[info] Reapplying settings...
[info] set current project to Projects (in build file:/F:/Projects/Spring%20Boot/Projects/)
[debug] > Exec(idea-shell, None, None)
