[debug] > Exec(early(addDefaultCommands), None, None)
[debug] > Exec(addDefaultCommands, None, None)
[debug] > Exec(early(initialize), None, None)
[debug] > Exec(initialize, None, None)
[debug] > Exec(early(addPluginSbtFile="""C:\Users\PRAJNA~1\AppData\Local\Temp\idea4.sbt"""), None, None)
[debug] > Exec(addPluginSbtFile="""C:\Users\PRAJNA~1\AppData\Local\Temp\idea4.sbt""", None, None)
[debug] > Exec(boot, None, None)
[debug] > Exec(writeSbtVersion, None, None)
[debug] > Exec(reload, None, None)
[debug] > Exec(sbtStashOnFailure, None, None)
[debug] > Exec(onFailure loadFailed, None, None)
[debug] > Exec(loadp, None, None)
[info] welcome to sbt 1.6.2 (Oracle Corporation Java 1.8.0_191)
[debug]       Load.loadUnit: plugins took 464.7011ms
[debug]       Load.loadUnit: defsScala took 0.3624ms
[debug] [Loading] Scanning directory C:\Users\Prajna Shetty\.sbt\1.0\plugins
[debug] [Loading] Found non-root projects 
[debug] [Loading] Done in C:\Users\Prajna Shetty\.sbt\1.0\plugins, returning: ()
[debug] deducing auto plugins based on known facts Set(Atom(sbt.plugins.CorePlugin)) and clauses Clauses(Clause(Atom(sbt.plugins.JvmPlugin),Set(Atom(sbt.plugins.IvyPlugin)))
[debug] Clause(Atom(sbt.ScriptedPlugin),Set(Atom(sbt.plugins.JvmPlugin)))
[debug] Clause(Atom(sbt.plugins.SbtPlugin),Set(Atom(sbt.ScriptedPlugin)))
[debug] Clause(Atom(sbt.plugins.SemanticdbPlugin),Set(Atom(sbt.plugins.JvmPlugin)))
[debug] Clause(Atom(sbt.plugins.JUnitXmlReportPlugin),Set(Atom(sbt.plugins.JvmPlugin)))
[debug] Clause(Atom(sbt.plugins.MiniDependencyTreePlugin),Set(Atom(sbt.plugins.JvmPlugin)))
[debug] Clause(Atom(sbt.plugins.CorePlugin),Set(Atom(sbt.plugins.IvyPlugin)))
[debug] Clause(Atom(sbt.plugins.IvyPlugin),Set(Atom(sbt.plugins.JvmPlugin)))
[debug] Clause(Atom(sbt.plugins.JvmPlugin),Set(Atom(sbt.plugins.SemanticdbPlugin)))
[debug] Clause(Atom(sbt.plugins.JvmPlugin),Set(Atom(sbt.plugins.JUnitXmlReportPlugin)))
[debug] Clause(Atom(sbt.plugins.CorePlugin),Set(Atom(sbt.plugins.Giter8TemplatePlugin)))
[debug] Clause(Atom(sbt.plugins.JvmPlugin),Set(Atom(sbt.plugins.MiniDependencyTreePlugin))))
[debug]   :: deduced result: Matched(sbt.plugins.CorePlugin,sbt.plugins.Giter8TemplatePlugin,sbt.plugins.IvyPlugin,sbt.plugins.JvmPlugin,sbt.plugins.MiniDependencyTreePlugin,sbt.plugins.JUnitXmlReportPlugin,sbt.plugins.SemanticdbPlugin)
[debug] Plugins.deducer#function took 21.8874 ms
[debug]           Load.resolveProject(global-plugins) took 66.3194ms
[debug]         Load.loadTransitive: finalizeProject(Project(id global-plugins, base: C:\Users\Prajna Shetty\.sbt\1.0\plugins, plugins: List(<none>))) took 130.0836ms
[debug] [Loading] Done in C:\Users\Prajna Shetty\.sbt\1.0\plugins, returning: (global-plugins)
[debug]       Load.loadUnit: loadedProjectsRaw took 162.031ms
[debug]       Load.loadUnit: cleanEvalClasses took 0.2942ms
[debug]     Load.loadUnit(file:/C:/Users/Prajna%20Shetty/.sbt/1.0/plugins/, ...) took 636.3735ms
[debug]   Load.apply: load took 1344.6094ms
[debug]   Load.apply: resolveProjects took 8.9476ms
[debug]   Load.apply: finalTransforms took 91.0526ms
[debug]   Load.apply: config.delegates took 11.4719ms
[debug]   Load.apply: Def.make(settings)... took 916.4861ms
[debug]   Load.apply: structureIndex took 177.0532ms
[debug]   Load.apply: mkStreams took 3.4937ms
[info] loading global plugins from C:\Users\Prajna Shetty\.sbt\1.0\plugins
[debug] Running task... Cancel: Signal, check cycles: false, forcegc: true
[debug] Load.defaultLoad until apply took 8004.0937ms
[debug]           Load.loadUnit: plugins took 45.0944ms
[debug]           Load.loadUnit: defsScala took 0.0069ms
[debug] [Loading] Scanning directory F:\Projects\Spring Boot\Projects\project
[debug]             Load.loadUnit: mkEval took 12.9124ms
[debug] [Loading] Found non-root projects 
[debug] [Loading] Done in F:\Projects\Spring Boot\Projects\project, returning: ()
[debug] deducing auto plugins based on known facts Set(Atom(sbt.plugins.CorePlugin)) and clauses Clauses(Clause(Atom(sbt.plugins.JvmPlugin),Set(Atom(sbt.plugins.IvyPlugin)))
[debug] Clause(Atom(sbt.ScriptedPlugin),Set(Atom(sbt.plugins.JvmPlugin)))
[debug] Clause(Atom(sbt.plugins.SbtPlugin),Set(Atom(sbt.ScriptedPlugin)))
[debug] Clause(Atom(sbt.plugins.SemanticdbPlugin),Set(Atom(sbt.plugins.JvmPlugin)))
[debug] Clause(Atom(sbt.plugins.JUnitXmlReportPlugin),Set(Atom(sbt.plugins.JvmPlugin)))
[debug] Clause(Atom(sbt.plugins.MiniDependencyTreePlugin),Set(Atom(sbt.plugins.JvmPlugin)))
[debug] Clause(Atom(sbt.plugins.CorePlugin),Set(Atom(sbt.plugins.IvyPlugin)))
[debug] Clause(Atom(sbt.plugins.IvyPlugin),Set(Atom(sbt.plugins.JvmPlugin)))
[debug] Clause(Atom(sbt.plugins.JvmPlugin),Set(Atom(sbt.plugins.SemanticdbPlugin)))
[debug] Clause(Atom(sbt.plugins.JvmPlugin),Set(Atom(sbt.plugins.JUnitXmlReportPlugin)))
[debug] Clause(Atom(sbt.plugins.CorePlugin),Set(Atom(sbt.plugins.Giter8TemplatePlugin)))
[debug] Clause(Atom(sbt.plugins.JvmPlugin),Set(Atom(sbt.plugins.MiniDependencyTreePlugin))))
[debug]   :: deduced result: Matched(sbt.plugins.CorePlugin,sbt.plugins.Giter8TemplatePlugin,sbt.plugins.IvyPlugin,sbt.plugins.JvmPlugin,sbt.plugins.MiniDependencyTreePlugin,sbt.plugins.JUnitXmlReportPlugin,sbt.plugins.SemanticdbPlugin)
[debug] Plugins.deducer#function took 2.4952 ms
[info] loading settings for project projects-build from idea4.sbt ...
[debug]               Load.resolveProject(projects-build) took 3.6552ms
[debug]             Load.loadTransitive: finalizeProject(Project(id projects-build, base: F:\Projects\Spring Boot\Projects\project, plugins: List(<none>))) took 6.7022ms
[debug] [Loading] Done in F:\Projects\Spring Boot\Projects\project, returning: (projects-build)
[debug]           Load.loadUnit: loadedProjectsRaw took 264.9493ms
[debug]           Load.loadUnit: cleanEvalClasses took 4.7072ms
[debug]         Load.loadUnit(file:/F:/Projects/Spring%20Boot/Projects/project/, ...) took 315.907ms
[debug]       Load.apply: load took 317.4283ms
[debug]       Load.apply: resolveProjects took 0.1088ms
[debug]       Load.apply: finalTransforms took 12.379ms
[debug]       Load.apply: config.delegates took 0.8184ms
[debug]       Load.apply: Def.make(settings)... took 112.9828ms
[debug]       Load.apply: structureIndex took 34.1717ms
[debug]       Load.apply: mkStreams took 0.0042ms
[info] loading project definition from F:\Projects\Spring Boot\Projects\project
[debug] Running task... Cancel: Signal, check cycles: false, forcegc: true
[debug]     Load.loadUnit: plugins took 1239.0917ms
[debug]     Load.loadUnit: defsScala took 0.0069ms
[debug] [Loading] Scanning directory F:\Projects\Spring Boot\Projects
[debug]       Load.loadUnit: mkEval took 0.3155ms
[debug] [Loading] Found non-root projects 
[debug] [Loading] Done in F:\Projects\Spring Boot\Projects, returning: ()
[debug] deducing auto plugins based on known facts Set(Atom(sbt.plugins.CorePlugin)) and clauses Clauses(Clause(Atom(sbt.plugins.JvmPlugin),Set(Atom(sbt.plugins.IvyPlugin)))
[debug] Clause(Atom(sbt.ScriptedPlugin),Set(Atom(sbt.plugins.JvmPlugin)))
[debug] Clause(Atom(sbt.plugins.SbtPlugin),Set(Atom(sbt.ScriptedPlugin)))
[debug] Clause(Atom(sbt.plugins.SemanticdbPlugin),Set(Atom(sbt.plugins.JvmPlugin)))
[debug] Clause(Atom(sbt.plugins.JUnitXmlReportPlugin),Set(Atom(sbt.plugins.JvmPlugin)))
[debug] Clause(Atom(sbt.plugins.MiniDependencyTreePlugin),Set(Atom(sbt.plugins.JvmPlugin)))
[debug] Clause(Atom(org.jetbrains.sbt.StructurePlugin),Set(Atom(sbt.plugins.JvmPlugin)))
[debug] Clause(Atom(org.jetbrains.sbt.IdeaShellPlugin),Set(Atom(sbt.plugins.JvmPlugin)))
[debug] Clause(Atom(org.jetbrains.sbt.indices.SbtIntellijIndicesPlugin),Set(Atom(sbt.plugins.JvmPlugin)))
[debug] Clause(Atom(sbt.plugins.CorePlugin),Set(Atom(sbt.plugins.IvyPlugin)))
[debug] Clause(Atom(sbt.plugins.IvyPlugin),Set(Atom(sbt.plugins.JvmPlugin)))
[debug] Clause(Atom(sbt.plugins.JvmPlugin),Set(Atom(sbt.plugins.SemanticdbPlugin)))
[debug] Clause(Atom(sbt.plugins.JvmPlugin),Set(Atom(sbt.plugins.JUnitXmlReportPlugin)))
[debug] Clause(Atom(sbt.plugins.CorePlugin),Set(Atom(sbt.plugins.Giter8TemplatePlugin)))
[debug] Clause(Atom(sbt.plugins.JvmPlugin),Set(Atom(sbt.plugins.MiniDependencyTreePlugin)))
[debug] Clause(Atom(sbt.plugins.JvmPlugin),Set(Atom(org.jetbrains.sbt.StructurePlugin)))
[debug] Clause(Atom(sbt.plugins.JvmPlugin),Set(Atom(org.jetbrains.sbt.IdeaShellPlugin)))
[debug] Clause(And(Set(Atom(sbt.plugins.CorePlugin), Atom(sbt.plugins.JvmPlugin))),Set(Atom(org.jetbrains.sbt.indices.SbtIntellijIndicesPlugin))))
[debug]   :: deduced result: Matched(sbt.plugins.CorePlugin,sbt.plugins.Giter8TemplatePlugin,sbt.plugins.IvyPlugin,sbt.plugins.JvmPlugin,sbt.plugins.SemanticdbPlugin,org.jetbrains.sbt.indices.SbtIntellijIndicesPlugin,sbt.plugins.JUnitXmlReportPlugin,org.jetbrains.sbt.IdeaShellPlugin,org.jetbrains.sbt.StructurePlugin,sbt.plugins.MiniDependencyTreePlugin)
[debug] Plugins.deducer#function took 3.8458 ms
[info] loading settings for project projects from build.sbt ...
[debug]         Load.resolveProject(projects) took 52.0752ms
[debug]       Load.loadTransitive: finalizeProject(Project(id projects, base: F:\Projects\Spring Boot\Projects, plugins: List(<none>))) took 58.4179ms
[debug] [Loading] Done in F:\Projects\Spring Boot\Projects, returning: (projects)
[debug]     Load.loadUnit: loadedProjectsRaw took 2791.2277ms
[debug]     Load.loadUnit: cleanEvalClasses took 2.9924ms
[debug]   Load.loadUnit(file:/F:/Projects/Spring%20Boot/Projects/, ...) took 4034.3955ms
[debug] Load.apply: load took 4036.2171ms
[debug] Load.apply: resolveProjects took 0.1376ms
[debug] Load.apply: finalTransforms took 44.5729ms
[debug] Load.apply: config.delegates took 0.6011ms
[debug] Load.apply: Def.make(settings)... took 115.6278ms
[debug] Load.apply: structureIndex took 36.6176ms
[debug] Load.apply: mkStreams took 0.0187ms
[info] set current project to Projects (in build file:/F:/Projects/Spring%20Boot/Projects/)
[debug] > Exec(sbtPopOnFailure, None, None)
[debug] > Exec(resumeFromFailure, None, None)
[debug] > Exec(notifyUsersAboutShell, None, None)
[debug] > Exec(iflast shell, None, None)
[debug] > Exec(; set ideaPort in Global := 63810 ; idea-shell, None, None)
[debug] > Exec(set ideaPort in Global := 63810, None, None)
[info] Defining Global / ideaPort
[info] The new value will be used by Compile / compile, Test / compile
[debug] Defining 
[debug] 	Global / ideaPort
[debug] 
[debug] The new value will be used by 
[debug] 	Compile / compile
[debug] 	Test / compile
[info] Reapplying settings...
[info] set current project to Projects (in build file:/F:/Projects/Spring%20Boot/Projects/)
[debug] > Exec(idea-shell, None, None)
