[debug] > Exec(;reload; set _root_.org.jetbrains.sbt.StructureKeys.sbtStructureOptions in Global := "download resolveClassifiers resolveSbtClassifiers" ;*/*:dumpStructureTo C:/Users/PRAJNA~1/AppData/Local/Temp/sbt-structure.xml; session clear-all ; set ideaPort in Global := 63810, None, None)
[debug] > Exec(reload, None, None)
[debug] > Exec(sbtStashOnFailure, None, None)
[debug] > Exec(onFailure loadFailed, None, None)
[debug] > Exec(loadp, None, None)
[info] welcome to sbt 1.6.2 (Oracle Corporation Java 1.8.0_191)
[debug]       Load.loadUnit: plugins took 30.6611ms
[debug]       Load.loadUnit: defsScala took 0.0026ms
[debug] [Loading] Scanning directory C:\Users\Prajna Shetty\.sbt\1.0\plugins
[debug] [Loading] Found non-root projects 
[debug] [Loading] Done in C:\Users\Prajna Shetty\.sbt\1.0\plugins, returning: ()
[debug] deducing auto plugins based on known facts Set(Atom(sbt.plugins.CorePlugin)) and clauses Clauses(Clause(Atom(sbt.plugins.JvmPlugin),Set(Atom(sbt.plugins.IvyPlugin)))
[debug] Clause(Atom(sbt.ScriptedPlugin),Set(Atom(sbt.plugins.JvmPlugin)))
[debug] Clause(Atom(sbt.plugins.SbtPlugin),Set(Atom(sbt.ScriptedPlugin)))
[debug] Clause(Atom(sbt.plugins.SemanticdbPlugin),Set(Atom(sbt.plugins.JvmPlugin)))
[debug] Clause(Atom(sbt.plugins.JUnitXmlReportPlugin),Set(Atom(sbt.plugins.JvmPlugin)))
[debug] Clause(Atom(sbt.plugins.MiniDependencyTreePlugin),Set(Atom(sbt.plugins.JvmPlugin)))
[debug] Clause(Atom(sbt.plugins.CorePlugin),Set(Atom(sbt.plugins.IvyPlugin)))
[debug] Clause(Atom(sbt.plugins.IvyPlugin),Set(Atom(sbt.plugins.JvmPlugin)))
[debug] Clause(Atom(sbt.plugins.JvmPlugin),Set(Atom(sbt.plugins.SemanticdbPlugin)))
[debug] Clause(Atom(sbt.plugins.JvmPlugin),Set(Atom(sbt.plugins.JUnitXmlReportPlugin)))
[debug] Clause(Atom(sbt.plugins.CorePlugin),Set(Atom(sbt.plugins.Giter8TemplatePlugin)))
[debug] Clause(Atom(sbt.plugins.JvmPlugin),Set(Atom(sbt.plugins.MiniDependencyTreePlugin))))
[debug]   :: deduced result: Matched(sbt.plugins.CorePlugin,sbt.plugins.Giter8TemplatePlugin,sbt.plugins.IvyPlugin,sbt.plugins.JvmPlugin,sbt.plugins.MiniDependencyTreePlugin,sbt.plugins.JUnitXmlReportPlugin,sbt.plugins.SemanticdbPlugin)
[debug] Plugins.deducer#function took 1.351 ms
[debug]           Load.resolveProject(global-plugins) took 1.1244ms
[debug]         Load.loadTransitive: finalizeProject(Project(id global-plugins, base: C:\Users\Prajna Shetty\.sbt\1.0\plugins, plugins: List(<none>))) took 2.935ms
[debug] [Loading] Done in C:\Users\Prajna Shetty\.sbt\1.0\plugins, returning: (global-plugins)
[debug]       Load.loadUnit: loadedProjectsRaw took 4.4318ms
[debug]       Load.loadUnit: cleanEvalClasses took 0.0094ms
[debug]     Load.loadUnit(file:/C:/Users/Prajna%20Shetty/.sbt/1.0/plugins/, ...) took 35.5997ms
[debug]   Load.apply: load took 36.9308ms
[debug]   Load.apply: resolveProjects took 0.095ms
[debug]   Load.apply: finalTransforms took 7.1713ms
[debug]   Load.apply: config.delegates took 0.711ms
[debug]   Load.apply: Def.make(settings)... took 58.8567ms
[debug]   Load.apply: structureIndex took 22.8262ms
[debug]   Load.apply: mkStreams took 0.0033ms
[info] loading global plugins from C:\Users\Prajna Shetty\.sbt\1.0\plugins
[debug] Running task... Cancel: Signal, check cycles: false, forcegc: true
[debug] Load.defaultLoad until apply took 477.5653ms
[debug]           Load.loadUnit: plugins took 33.0847ms
[debug]           Load.loadUnit: defsScala took 0.0078ms
[debug] [Loading] Scanning directory F:\Projects\Spring Boot\Projects\project
[debug]             Load.loadUnit: mkEval took 0.4689ms
[debug] [Loading] Found non-root projects 
[debug] [Loading] Done in F:\Projects\Spring Boot\Projects\project, returning: ()
[debug] deducing auto plugins based on known facts Set(Atom(sbt.plugins.CorePlugin)) and clauses Clauses(Clause(Atom(sbt.plugins.JvmPlugin),Set(Atom(sbt.plugins.IvyPlugin)))
[debug] Clause(Atom(sbt.ScriptedPlugin),Set(Atom(sbt.plugins.JvmPlugin)))
[debug] Clause(Atom(sbt.plugins.SbtPlugin),Set(Atom(sbt.ScriptedPlugin)))
[debug] Clause(Atom(sbt.plugins.SemanticdbPlugin),Set(Atom(sbt.plugins.JvmPlugin)))
[debug] Clause(Atom(sbt.plugins.JUnitXmlReportPlugin),Set(Atom(sbt.plugins.JvmPlugin)))
[debug] Clause(Atom(sbt.plugins.MiniDependencyTreePlugin),Set(Atom(sbt.plugins.JvmPlugin)))
[debug] Clause(Atom(sbt.plugins.CorePlugin),Set(Atom(sbt.plugins.IvyPlugin)))
[debug] Clause(Atom(sbt.plugins.IvyPlugin),Set(Atom(sbt.plugins.JvmPlugin)))
[debug] Clause(Atom(sbt.plugins.JvmPlugin),Set(Atom(sbt.plugins.SemanticdbPlugin)))
[debug] Clause(Atom(sbt.plugins.JvmPlugin),Set(Atom(sbt.plugins.JUnitXmlReportPlugin)))
[debug] Clause(Atom(sbt.plugins.CorePlugin),Set(Atom(sbt.plugins.Giter8TemplatePlugin)))
[debug] Clause(Atom(sbt.plugins.JvmPlugin),Set(Atom(sbt.plugins.MiniDependencyTreePlugin))))
[debug]   :: deduced result: Matched(sbt.plugins.CorePlugin,sbt.plugins.Giter8TemplatePlugin,sbt.plugins.IvyPlugin,sbt.plugins.JvmPlugin,sbt.plugins.MiniDependencyTreePlugin,sbt.plugins.JUnitXmlReportPlugin,sbt.plugins.SemanticdbPlugin)
[debug] Plugins.deducer#function took 1.544 ms
[info] loading settings for project projects-build from idea383809.sbt ...
[debug]               Load.resolveProject(projects-build) took 1.7712ms
[debug]             Load.loadTransitive: finalizeProject(Project(id projects-build, base: F:\Projects\Spring Boot\Projects\project, plugins: List(<none>))) took 3.8476ms
[debug] [Loading] Done in F:\Projects\Spring Boot\Projects\project, returning: (projects-build)
[debug]           Load.loadUnit: loadedProjectsRaw took 27.8271ms
[debug]           Load.loadUnit: cleanEvalClasses took 0.4645ms
[debug]         Load.loadUnit(file:/F:/Projects/Spring%20Boot/Projects/project/, ...) took 62.1615ms
[debug]       Load.apply: load took 63.248ms
[debug]       Load.apply: resolveProjects took 0.1156ms
[debug]       Load.apply: finalTransforms took 5.0087ms
[debug]       Load.apply: config.delegates took 0.3833ms
[debug]       Load.apply: Def.make(settings)... took 63.4185ms
[debug]       Load.apply: structureIndex took 16.3555ms
[debug]       Load.apply: mkStreams took 0.0023ms
[info] loading project definition from F:\Projects\Spring Boot\Projects\project
[debug] Running task... Cancel: Signal, check cycles: false, forcegc: true
[debug]     Load.loadUnit: plugins took 502.2074ms
[debug]     Load.loadUnit: defsScala took 0.0025ms
[debug] [Loading] Scanning directory F:\Projects\Spring Boot\Projects
[debug]       Load.loadUnit: mkEval took 0.2097ms
[debug] [Loading] Found non-root projects 
[debug] [Loading] Done in F:\Projects\Spring Boot\Projects, returning: ()
[debug] deducing auto plugins based on known facts Set(Atom(sbt.plugins.CorePlugin)) and clauses Clauses(Clause(Atom(sbt.plugins.JvmPlugin),Set(Atom(sbt.plugins.IvyPlugin)))
[debug] Clause(Atom(sbt.ScriptedPlugin),Set(Atom(sbt.plugins.JvmPlugin)))
[debug] Clause(Atom(sbt.plugins.SbtPlugin),Set(Atom(sbt.ScriptedPlugin)))
[debug] Clause(Atom(sbt.plugins.SemanticdbPlugin),Set(Atom(sbt.plugins.JvmPlugin)))
[debug] Clause(Atom(sbt.plugins.JUnitXmlReportPlugin),Set(Atom(sbt.plugins.JvmPlugin)))
[debug] Clause(Atom(sbt.plugins.MiniDependencyTreePlugin),Set(Atom(sbt.plugins.JvmPlugin)))
[debug] Clause(Atom(org.jetbrains.sbt.StructurePlugin),Set(Atom(sbt.plugins.JvmPlugin)))
[debug] Clause(Atom(org.jetbrains.sbt.IdeaShellPlugin),Set(Atom(sbt.plugins.JvmPlugin)))
[debug] Clause(Atom(org.jetbrains.sbt.indices.SbtIntellijIndicesPlugin),Set(Atom(sbt.plugins.JvmPlugin)))
[debug] Clause(Atom(sbt.plugins.CorePlugin),Set(Atom(sbt.plugins.IvyPlugin)))
[debug] Clause(Atom(sbt.plugins.IvyPlugin),Set(Atom(sbt.plugins.JvmPlugin)))
[debug] Clause(Atom(sbt.plugins.JvmPlugin),Set(Atom(sbt.plugins.SemanticdbPlugin)))
[debug] Clause(Atom(sbt.plugins.JvmPlugin),Set(Atom(sbt.plugins.JUnitXmlReportPlugin)))
[debug] Clause(Atom(sbt.plugins.CorePlugin),Set(Atom(sbt.plugins.Giter8TemplatePlugin)))
[debug] Clause(Atom(sbt.plugins.JvmPlugin),Set(Atom(sbt.plugins.MiniDependencyTreePlugin)))
[debug] Clause(Atom(sbt.plugins.JvmPlugin),Set(Atom(org.jetbrains.sbt.StructurePlugin)))
[debug] Clause(Atom(sbt.plugins.JvmPlugin),Set(Atom(org.jetbrains.sbt.IdeaShellPlugin)))
[debug] Clause(And(Set(Atom(sbt.plugins.CorePlugin), Atom(sbt.plugins.JvmPlugin))),Set(Atom(org.jetbrains.sbt.indices.SbtIntellijIndicesPlugin))))
[debug]   :: deduced result: Matched(sbt.plugins.CorePlugin,sbt.plugins.Giter8TemplatePlugin,sbt.plugins.IvyPlugin,sbt.plugins.JvmPlugin,sbt.plugins.SemanticdbPlugin,org.jetbrains.sbt.indices.SbtIntellijIndicesPlugin,sbt.plugins.JUnitXmlReportPlugin,org.jetbrains.sbt.IdeaShellPlugin,org.jetbrains.sbt.StructurePlugin,sbt.plugins.MiniDependencyTreePlugin)
[debug] Plugins.deducer#function took 2.3646 ms
[info] loading settings for project projects from build.sbt ...
[debug]         Load.resolveProject(projects) took 44.3652ms
[debug]       Load.loadTransitive: finalizeProject(Project(id projects, base: F:\Projects\Spring Boot\Projects, plugins: List(<none>))) took 47.4222ms
[debug] [Loading] Done in F:\Projects\Spring Boot\Projects, returning: (projects)
[debug]     Load.loadUnit: loadedProjectsRaw took 97.4379ms
[debug]     Load.loadUnit: cleanEvalClasses took 47.0267ms
[debug]   Load.loadUnit(file:/F:/Projects/Spring%20Boot/Projects/, ...) took 647.236ms
[debug] Load.apply: load took 648.4708ms
[debug] Load.apply: resolveProjects took 0.094ms
[debug] Load.apply: finalTransforms took 15.01ms
[debug] Load.apply: config.delegates took 0.291ms
[debug] Load.apply: Def.make(settings)... took 84.8354ms
[debug] Load.apply: structureIndex took 23.6959ms
[debug] Load.apply: mkStreams took 0.0029ms
[warn] Discarding 1 session setting.  Use 'session save' to persist session settings.
[info] set current project to Projects (in build file:/F:/Projects/Spring%20Boot/Projects/)
[debug] > Exec(sbtPopOnFailure, None, None)
[debug] > Exec(resumeFromFailure, None, None)
[debug] > Exec(set _root_.org.jetbrains.sbt.StructureKeys.sbtStructureOptions in Global := "download resolveClassifiers resolveSbtClassifiers", None, None)
[info] Defining Global / sbtStructureOptions
[info] The new value will be used by Global / ssOptions
[debug] Defining 
[debug] 	Global / sbtStructureOptions
[debug] 
[debug] The new value will be used by 
[debug] 	Global / ssOptions
[info] Reapplying settings...
[info] set current project to Projects (in build file:/F:/Projects/Spring%20Boot/Projects/)
[debug] > Exec(*/*:dumpStructureTo C:/Users/PRAJNA~1/AppData/Local/Temp/sbt-structure.xml, None, None)
[debug] Evaluating tasks: Global / dumpStructureTo
[warn] sbt 0.13 shell syntax is deprecated; use slash syntax instead: Global / dumpStructureTo
[debug] Running task... Cancel: Signal, check cycles: false, forcegc: true
[warn] Unrecognized repository Scala Plugin Bundled Repository, ignoring it
[warn] Unrecognized repository Scala Plugin Bundled Repository, ignoring it
[warn] Unrecognized repository Scala Plugin Bundled Repository, ignoring it
[info] Writing structure to C:\Users\PRAJNA~1\AppData\Local\Temp\sbt-structure.xml...
[info] Done.
[success] Total time: 8 s, completed 10 Jun, 2022 1:21:56 PM
[debug] > Exec(session clear-all, None, None)
[info] Reapplying settings...
[info] set current project to Projects (in build file:/F:/Projects/Spring%20Boot/Projects/)
[debug] > Exec(set ideaPort in Global := 63810, None, None)
[info] Defining Global / ideaPort
[info] The new value will be used by Compile / compile, Test / compile
[debug] Defining 
[debug] 	Global / ideaPort
[debug] 
[debug] The new value will be used by 
[debug] 	Compile / compile
[debug] 	Test / compile
[info] Reapplying settings...
[info] set current project to Projects (in build file:/F:/Projects/Spring%20Boot/Projects/)
[debug] > Exec(idea-shell, None, None)
[debug] > Exec(, None, None)
[debug] > Exec(idea-shell, None, None)
